TN:
SF:functions/lib/response.js
FN:11,jsonResponse
FN:21,errorResponse
FN:25,notFoundResponse
FN:29,unauthorizedResponse
FN:33,methodNotAllowed
FN:37,corsPreflightResponse
FNF:6
FNH:6
FNDA:12,jsonResponse
FNDA:7,errorResponse
FNDA:2,notFoundResponse
FNDA:2,unauthorizedResponse
FNDA:1,methodNotAllowed
FNDA:1,corsPreflightResponse
DA:5,1
DA:12,12
DA:22,7
DA:26,2
DA:30,2
DA:34,1
DA:38,1
LF:7
LH:7
BRDA:11,0,0,12
BRDA:21,1,0,7
BRDA:25,2,0,2
BRDA:29,3,0,2
BRDA:33,4,0,1
BRF:5
BRH:5
end_of_record
TN:
SF:functions/lib/simulation.js
FN:20,boxMullerRandom
FN:34,normalRandom
FN:54,runSingleSimulation
FN:125,runMonteCarlo
FN:178,(anonymous_4)
FN:179,(anonymous_5)
FN:199,(anonymous_6)
FN:200,(anonymous_7)
FN:232,runFixedReturn
FN:317,runThreeScenario
FNF:10
FNH:10
FNDA:172252,boxMullerRandom
FNDA:161251,normalRandom
FNDA:2400,runSingleSimulation
FNDA:16,runMonteCarlo
FNDA:146240,(anonymous_4)
FNDA:908957,(anonymous_5)
FNDA:2390,(anonymous_6)
FNDA:15632,(anonymous_7)
FNDA:29,runFixedReturn
FNDA:6,runThreeScenario
DA:9,1
DA:23,172252
DA:24,172252
DA:26,172252
DA:28,172252
DA:35,161251
DA:66,2400
DA:68,2400
DA:69,2400
DA:70,2400
DA:71,2400
DA:72,2400
DA:74,2400
DA:75,144197
DA:77,144197
DA:79,71700
DA:81,71700
DA:82,71700
DA:85,72497
DA:86,72497
DA:88,72497
DA:89,72497
DA:93,144197
DA:94,144197
DA:98,2400
DA:99,2400
DA:100,137722
DA:101,206
DA:102,206
DA:106,2400
DA:137,16
DA:139,16
DA:140,16
DA:141,16
DA:144,16
DA:145,16
DA:147,16
DA:148,2390
DA:161,2390
DA:164,2390
DA:165,2187
DA:170,16
DA:171,16
DA:172,16
DA:173,80
DA:176,16
DA:178,146240
DA:179,908957
DA:181,1001
DA:182,1001
DA:184,1001
DA:185,5005
DA:186,5005
DA:187,5005
DA:196,1001
DA:199,2390
DA:200,15632
DA:202,1001
DA:203,1001
DA:204,1001
DA:206,1001
DA:244,29
DA:247,29
DA:251,29
DA:252,29
DA:253,29
DA:254,29
DA:255,29
DA:256,29
DA:258,29
DA:259,1824
DA:260,1824
DA:262,1824
DA:268,1824
DA:269,1795
DA:271,919
DA:272,919
DA:275,876
DA:276,876
DA:277,876
DA:280,1795
DA:281,88
DA:282,88
DA:283,4
DA:284,4
DA:290,29
DA:291,29
DA:294,29
DA:295,29
DA:300,29
DA:302,29
DA:326,6
DA:328,6
DA:343,6
DA:345,6
DA:346,18
DA:358,18
DA:367,6
LF:98
LH:98
BRDA:68,0,0,2400
BRDA:68,0,1,2350
BRDA:77,1,0,71700
BRDA:77,1,1,72497
BRDA:93,2,0,6681
BRDA:93,2,1,137516
BRDA:100,3,0,206
BRDA:100,3,1,137516
BRDA:100,4,0,137722
BRDA:100,4,1,206
BRDA:129,5,0,16
BRDA:132,6,0,16
BRDA:133,7,0,16
BRDA:134,8,0,16
BRDA:135,9,0,16
BRDA:139,10,0,16
BRDA:139,10,1,1
BRDA:164,11,0,2187
BRDA:164,11,1,203
BRDA:236,12,0,29
BRDA:240,13,0,29
BRDA:241,14,0,29
BRDA:242,15,0,29
BRDA:243,16,0,29
BRDA:247,17,0,28
BRDA:247,17,1,1
BRDA:247,18,0,29
BRDA:247,18,1,28
BRDA:249,19,0,1
BRDA:249,19,1,0
BRDA:268,20,0,1795
BRDA:268,20,1,29
BRDA:269,21,0,919
BRDA:269,21,1,876
BRDA:280,22,0,88
BRDA:280,22,1,1707
BRDA:282,23,0,4
BRDA:282,23,1,84
BRDA:295,24,0,29
BRDA:295,24,1,0
BRDA:321,25,0,6
BRDA:324,26,0,6
BRDA:325,27,0,6
BRF:43
BRH:41
end_of_record
TN:
SF:functions/lib/validation.js
FN:7,validateEmail
FN:12,validateRequired
FN:13,(anonymous_2)
FN:20,validateEnum
FN:27,validatePositiveNumber
FN:37,validateInteger
FN:53,parseJsonBody
FNF:7
FNH:7
FNDA:13,validateEmail
FNDA:9,validateRequired
FNDA:12,(anonymous_2)
FNDA:4,validateEnum
FNDA:9,validatePositiveNumber
FNDA:10,validateInteger
FNDA:2,parseJsonBody
DA:5,1
DA:8,13
DA:9,8
DA:13,12
DA:14,9
DA:15,5
DA:17,4
DA:21,4
DA:22,1
DA:24,3
DA:28,9
DA:29,7
DA:30,7
DA:31,3
DA:34,6
DA:38,10
DA:39,8
DA:40,8
DA:41,1
DA:43,7
DA:44,1
DA:46,6
DA:47,1
DA:50,7
DA:54,2
DA:55,2
DA:57,1
LF:27
LH:27
BRDA:8,0,0,5
BRDA:8,0,1,8
BRDA:8,1,0,13
BRDA:8,1,1,10
BRDA:13,2,0,12
BRDA:13,2,1,7
BRDA:13,2,2,6
BRDA:14,3,0,5
BRDA:14,3,1,4
BRDA:21,4,0,1
BRDA:21,4,1,3
BRDA:21,5,0,4
BRDA:21,5,1,3
BRDA:21,5,2,2
BRDA:28,6,0,7
BRDA:28,6,1,2
BRDA:28,7,0,9
BRDA:28,7,1,8
BRDA:30,8,0,3
BRDA:30,8,1,4
BRDA:30,9,0,7
BRDA:30,9,1,5
BRDA:38,10,0,8
BRDA:38,10,1,2
BRDA:38,11,0,10
BRDA:38,11,1,9
BRDA:40,12,0,1
BRDA:40,12,1,7
BRDA:43,13,0,1
BRDA:43,13,1,6
BRDA:43,14,0,7
BRDA:43,14,1,5
BRDA:46,15,0,1
BRDA:46,15,1,5
BRDA:46,16,0,6
BRDA:46,16,1,4
BRF:36
BRH:36
end_of_record
